{"/Users/admin/Documents/Bahut/Projet final/Codes/QuizForge/backend/src/routes/quizRoutes.ts": {"path":"/Users/admin/Documents/Bahut/Projet final/Codes/QuizForge/backend/src/routes/quizRoutes.ts","statementMap":{"0":{"start":{"line":1,"column":0},"end":{"line":1,"column":30}},"1":{"start":{"line":2,"column":0},"end":{"line":2,"column":28}},"2":{"start":{"line":3,"column":0},"end":{"line":3,"column":24}},"3":{"start":{"line":4,"column":0},"end":{"line":4,"column":20}},"4":{"start":{"line":5,"column":0},"end":{"line":5,"column":36}},"5":{"start":{"line":6,"column":0},"end":{"line":6,"column":53}},"6":{"start":{"line":7,"column":0},"end":{"line":7,"column":58}},"7":{"start":{"line":8,"column":0},"end":{"line":8,"column":72}},"8":{"start":{"line":9,"column":0},"end":{"line":9,"column":null}},"9":{"start":{"line":19,"column":15},"end":{"line":19,"column":31}},"10":{"start":{"line":22,"column":16},"end":{"line":35,"column":2}},"11":{"start":{"line":24,"column":22},"end":{"line":24,"column":59}},"12":{"start":{"line":26,"column":4},"end":{"line":28,"column":5}},"13":{"start":{"line":27,"column":6},"end":{"line":27,"column":51}},"14":{"start":{"line":29,"column":4},"end":{"line":29,"column":24}},"15":{"start":{"line":32,"column":27},"end":{"line":32,"column":63}},"16":{"start":{"line":33,"column":4},"end":{"line":33,"column":29}},"17":{"start":{"line":37,"column":15},"end":{"line":53,"column":2}},"18":{"start":{"line":41,"column":30},"end":{"line":41,"column":55}},"19":{"start":{"line":42,"column":16},"end":{"line":42,"column":61}},"20":{"start":{"line":44,"column":4},"end":{"line":48,"column":5}},"21":{"start":{"line":45,"column":6},"end":{"line":45,"column":21}},"22":{"start":{"line":47,"column":6},"end":{"line":47,"column":93}},"23":{"start":{"line":56,"column":0},"end":{"line":91,"column":3}},"24":{"start":{"line":57,"column":2},"end":{"line":90,"column":3}},"25":{"start":{"line":58,"column":4},"end":{"line":63,"column":5}},"26":{"start":{"line":59,"column":6},"end":{"line":62,"column":9}},"27":{"start":{"line":65,"column":21},"end":{"line":65,"column":34}},"28":{"start":{"line":66,"column":21},"end":{"line":66,"column":42}},"29":{"start":{"line":69,"column":20},"end":{"line":69,"column":45}},"30":{"start":{"line":72,"column":18},"end":{"line":72,"column":26}},"31":{"start":{"line":75,"column":4},"end":{"line":75,"column":45}},"32":{"start":{"line":77,"column":4},"end":{"line":83,"column":7}},"33":{"start":{"line":85,"column":4},"end":{"line":85,"column":50}},"34":{"start":{"line":86,"column":4},"end":{"line":89,"column":7}},"35":{"start":{"line":94,"column":0},"end":{"line":146,"column":3}},"36":{"start":{"line":95,"column":2},"end":{"line":145,"column":3}},"37":{"start":{"line":96,"column":58},"end":{"line":96,"column":94}},"38":{"start":{"line":99,"column":4},"end":{"line":104,"column":5}},"39":{"start":{"line":100,"column":6},"end":{"line":103,"column":9}},"40":{"start":{"line":107,"column":21},"end":{"line":107,"column":43}},"41":{"start":{"line":108,"column":4},"end":{"line":113,"column":5}},"42":{"start":{"line":109,"column":6},"end":{"line":112,"column":9}},"43":{"start":{"line":116,"column":22},"end":{"line":121,"column":null}},"44":{"start":{"line":125,"column":4},"end":{"line":133,"column":5}},"45":{"start":{"line":126,"column":6},"end":{"line":132,"column":7}},"46":{"start":{"line":127,"column":31},"end":{"line":127,"column":55}},"47":{"start":{"line":128,"column":8},"end":{"line":128,"column":59}},"48":{"start":{"line":130,"column":8},"end":{"line":130,"column":58}},"49":{"start":{"line":131,"column":8},"end":{"line":131,"column":52}},"50":{"start":{"line":135,"column":4},"end":{"line":138,"column":7}},"51":{"start":{"line":140,"column":4},"end":{"line":140,"column":56}},"52":{"start":{"line":141,"column":4},"end":{"line":144,"column":7}},"53":{"start":{"line":149,"column":0},"end":{"line":203,"column":3}},"54":{"start":{"line":150,"column":2},"end":{"line":202,"column":3}},"55":{"start":{"line":151,"column":19},"end":{"line":151,"column":29}},"56":{"start":{"line":152,"column":23},"end":{"line":152,"column":56}},"57":{"start":{"line":155,"column":25},"end":{"line":155,"column":42}},"58":{"start":{"line":156,"column":22},"end":{"line":164,"column":6}},"59":{"start":{"line":157,"column":6},"end":{"line":163,"column":7}},"60":{"start":{"line":158,"column":29},"end":{"line":158,"column":50}},"61":{"start":{"line":159,"column":8},"end":{"line":159,"column":38}},"62":{"start":{"line":161,"column":8},"end":{"line":161,"column":64}},"63":{"start":{"line":162,"column":8},"end":{"line":162,"column":21}},"64":{"start":{"line":166,"column":4},"end":{"line":171,"column":5}},"65":{"start":{"line":167,"column":6},"end":{"line":170,"column":9}},"66":{"start":{"line":174,"column":21},"end":{"line":174,"column":65}},"67":{"start":{"line":177,"column":4},"end":{"line":179,"column":5}},"68":{"start":{"line":178,"column":6},"end":{"line":178,"column":38}},"69":{"start":{"line":181,"column":4},"end":{"line":183,"column":5}},"70":{"start":{"line":182,"column":6},"end":{"line":182,"column":44}},"71":{"start":{"line":185,"column":4},"end":{"line":187,"column":5}},"72":{"start":{"line":186,"column":6},"end":{"line":186,"column":48}},"73":{"start":{"line":190,"column":4},"end":{"line":190,"column":69}},"74":{"start":{"line":192,"column":4},"end":{"line":195,"column":7}},"75":{"start":{"line":197,"column":4},"end":{"line":197,"column":53}},"76":{"start":{"line":198,"column":4},"end":{"line":201,"column":7}},"77":{"start":{"line":206,"column":0},"end":{"line":234,"column":3}},"78":{"start":{"line":207,"column":2},"end":{"line":233,"column":3}},"79":{"start":{"line":208,"column":22},"end":{"line":208,"column":32}},"80":{"start":{"line":211,"column":21},"end":{"line":211,"column":43}},"81":{"start":{"line":212,"column":4},"end":{"line":217,"column":5}},"82":{"start":{"line":213,"column":6},"end":{"line":216,"column":9}},"83":{"start":{"line":220,"column":28},"end":{"line":220,"column":76}},"84":{"start":{"line":220,"column":58},"end":{"line":220,"column":75}},"85":{"start":{"line":221,"column":22},"end":{"line":221,"column":69}},"86":{"start":{"line":221,"column":47},"end":{"line":221,"column":68}},"87":{"start":{"line":223,"column":4},"end":{"line":226,"column":7}},"88":{"start":{"line":228,"column":4},"end":{"line":228,"column":53}},"89":{"start":{"line":229,"column":4},"end":{"line":232,"column":7}},"90":{"start":{"line":237,"column":0},"end":{"line":258,"column":3}},"91":{"start":{"line":238,"column":2},"end":{"line":257,"column":3}},"92":{"start":{"line":240,"column":28},"end":{"line":240,"column":51}},"93":{"start":{"line":241,"column":22},"end":{"line":241,"column":69}},"94":{"start":{"line":241,"column":47},"end":{"line":241,"column":68}},"95":{"start":{"line":244,"column":24},"end":{"line":244,"column":45}},"96":{"start":{"line":247,"column":4},"end":{"line":247,"column":48}},"97":{"start":{"line":248,"column":4},"end":{"line":248,"column":77}},"98":{"start":{"line":250,"column":4},"end":{"line":250,"column":45}},"99":{"start":{"line":252,"column":4},"end":{"line":252,"column":50}},"100":{"start":{"line":253,"column":4},"end":{"line":256,"column":7}},"101":{"start":{"line":261,"column":0},"end":{"line":282,"column":3}},"102":{"start":{"line":262,"column":2},"end":{"line":281,"column":3}},"103":{"start":{"line":264,"column":28},"end":{"line":264,"column":51}},"104":{"start":{"line":265,"column":22},"end":{"line":265,"column":69}},"105":{"start":{"line":265,"column":47},"end":{"line":265,"column":68}},"106":{"start":{"line":268,"column":23},"end":{"line":268,"column":49}},"107":{"start":{"line":271,"column":4},"end":{"line":271,"column":53}},"108":{"start":{"line":272,"column":4},"end":{"line":272,"column":76}},"109":{"start":{"line":274,"column":4},"end":{"line":274,"column":44}},"110":{"start":{"line":276,"column":4},"end":{"line":276,"column":49}},"111":{"start":{"line":277,"column":4},"end":{"line":280,"column":7}},"112":{"start":{"line":284,"column":0},"end":{"line":284,"column":22}}},"fnMap":{"0":{"name":"(anonymous_1)","decl":{"start":{"line":23,"column":15},"end":{"line":23,"column":16}},"loc":{"start":{"line":23,"column":33},"end":{"line":30,"column":3}}},"1":{"name":"(anonymous_2)","decl":{"start":{"line":31,"column":12},"end":{"line":31,"column":13}},"loc":{"start":{"line":31,"column":30},"end":{"line":34,"column":3}}},"2":{"name":"(anonymous_3)","decl":{"start":{"line":39,"column":14},"end":{"line":39,"column":15}},"loc":{"start":{"line":39,"column":32},"end":{"line":49,"column":3}}},"3":{"name":"(anonymous_4)","decl":{"start":{"line":56,"column":46},"end":{"line":56,"column":51}},"loc":{"start":{"line":56,"column":65},"end":{"line":91,"column":1}}},"4":{"name":"(anonymous_5)","decl":{"start":{"line":94,"column":35},"end":{"line":94,"column":40}},"loc":{"start":{"line":94,"column":54},"end":{"line":146,"column":1}}},"5":{"name":"(anonymous_6)","decl":{"start":{"line":149,"column":29},"end":{"line":149,"column":34}},"loc":{"start":{"line":149,"column":48},"end":{"line":203,"column":1}}},"6":{"name":"(anonymous_7)","decl":{"start":{"line":156,"column":42},"end":{"line":156,"column":43}},"loc":{"start":{"line":156,"column":46},"end":{"line":164,"column":5}}},"7":{"name":"(anonymous_8)","decl":{"start":{"line":206,"column":32},"end":{"line":206,"column":37}},"loc":{"start":{"line":206,"column":51},"end":{"line":234,"column":1}}},"8":{"name":"(anonymous_9)","decl":{"start":{"line":220,"column":53},"end":{"line":220,"column":54}},"loc":{"start":{"line":220,"column":58},"end":{"line":220,"column":75}}},"9":{"name":"(anonymous_10)","decl":{"start":{"line":221,"column":42},"end":{"line":221,"column":43}},"loc":{"start":{"line":221,"column":47},"end":{"line":221,"column":68}}},"10":{"name":"(anonymous_11)","decl":{"start":{"line":237,"column":27},"end":{"line":237,"column":32}},"loc":{"start":{"line":237,"column":46},"end":{"line":258,"column":1}}},"11":{"name":"(anonymous_12)","decl":{"start":{"line":241,"column":42},"end":{"line":241,"column":43}},"loc":{"start":{"line":241,"column":47},"end":{"line":241,"column":68}}},"12":{"name":"(anonymous_13)","decl":{"start":{"line":261,"column":26},"end":{"line":261,"column":31}},"loc":{"start":{"line":261,"column":45},"end":{"line":282,"column":1}}},"13":{"name":"(anonymous_14)","decl":{"start":{"line":265,"column":42},"end":{"line":265,"column":43}},"loc":{"start":{"line":265,"column":47},"end":{"line":265,"column":68}}}},"branchMap":{"0":{"loc":{"start":{"line":26,"column":4},"end":{"line":28,"column":5}},"type":"if","locations":[{"start":{"line":26,"column":4},"end":{"line":28,"column":5}}]},"1":{"loc":{"start":{"line":44,"column":4},"end":{"line":48,"column":5}},"type":"if","locations":[{"start":{"line":44,"column":4},"end":{"line":48,"column":5}},{"start":{"line":46,"column":11},"end":{"line":48,"column":5}}]},"2":{"loc":{"start":{"line":58,"column":4},"end":{"line":63,"column":5}},"type":"if","locations":[{"start":{"line":58,"column":4},"end":{"line":63,"column":5}}]},"3":{"loc":{"start":{"line":99,"column":4},"end":{"line":104,"column":5}},"type":"if","locations":[{"start":{"line":99,"column":4},"end":{"line":104,"column":5}}]},"4":{"loc":{"start":{"line":99,"column":8},"end":{"line":99,"column":59}},"type":"binary-expr","locations":[{"start":{"line":99,"column":8},"end":{"line":99,"column":14}},{"start":{"line":99,"column":18},"end":{"line":99,"column":31}},{"start":{"line":99,"column":35},"end":{"line":99,"column":44}},{"start":{"line":99,"column":48},"end":{"line":99,"column":59}}]},"5":{"loc":{"start":{"line":108,"column":4},"end":{"line":113,"column":5}},"type":"if","locations":[{"start":{"line":108,"column":4},"end":{"line":113,"column":5}}]},"6":{"loc":{"start":{"line":166,"column":4},"end":{"line":171,"column":5}},"type":"if","locations":[{"start":{"line":166,"column":4},"end":{"line":171,"column":5}}]},"7":{"loc":{"start":{"line":177,"column":4},"end":{"line":179,"column":5}},"type":"if","locations":[{"start":{"line":177,"column":4},"end":{"line":179,"column":5}}]},"8":{"loc":{"start":{"line":181,"column":4},"end":{"line":183,"column":5}},"type":"if","locations":[{"start":{"line":181,"column":4},"end":{"line":183,"column":5}}]},"9":{"loc":{"start":{"line":185,"column":4},"end":{"line":187,"column":5}},"type":"if","locations":[{"start":{"line":185,"column":4},"end":{"line":187,"column":5}}]},"10":{"loc":{"start":{"line":212,"column":4},"end":{"line":217,"column":5}},"type":"if","locations":[{"start":{"line":212,"column":4},"end":{"line":217,"column":5}}]}},"s":{"0":0,"1":0,"2":0,"3":0,"4":0,"5":0,"6":0,"7":0,"8":0,"9":0,"10":0,"11":0,"12":0,"13":0,"14":0,"15":0,"16":0,"17":0,"18":0,"19":0,"20":0,"21":0,"22":0,"23":0,"24":0,"25":0,"26":0,"27":0,"28":0,"29":0,"30":0,"31":0,"32":0,"33":0,"34":0,"35":0,"36":0,"37":0,"38":0,"39":0,"40":0,"41":0,"42":0,"43":0,"44":0,"45":0,"46":0,"47":0,"48":0,"49":0,"50":0,"51":0,"52":0,"53":0,"54":0,"55":0,"56":0,"57":0,"58":0,"59":0,"60":0,"61":0,"62":0,"63":0,"64":0,"65":0,"66":0,"67":0,"68":0,"69":0,"70":0,"71":0,"72":0,"73":0,"74":0,"75":0,"76":0,"77":0,"78":0,"79":0,"80":0,"81":0,"82":0,"83":0,"84":0,"85":0,"86":0,"87":0,"88":0,"89":0,"90":0,"91":0,"92":0,"93":0,"94":0,"95":0,"96":0,"97":0,"98":0,"99":0,"100":0,"101":0,"102":0,"103":0,"104":0,"105":0,"106":0,"107":0,"108":0,"109":0,"110":0,"111":0,"112":0},"f":{"0":0,"1":0,"2":0,"3":0,"4":0,"5":0,"6":0,"7":0,"8":0,"9":0,"10":0,"11":0,"12":0,"13":0},"b":{"0":[0],"1":[0,0],"2":[0],"3":[0],"4":[0,0,0,0],"5":[0],"6":[0],"7":[0],"8":[0],"9":[0],"10":[0]}}
,"/Users/admin/Documents/Bahut/Projet final/Codes/QuizForge/backend/src/services/aiService.ts": {"path":"/Users/admin/Documents/Bahut/Projet final/Codes/QuizForge/backend/src/services/aiService.ts","statementMap":{"0":{"start":{"line":119,"column":0},"end":{"line":119,"column":7}},"1":{"start":{"line":1,"column":0},"end":{"line":1,"column":26}},"2":{"start":{"line":2,"column":0},"end":{"line":2,"column":28}},"3":{"start":{"line":4,"column":0},"end":{"line":4,"column":36}},"4":{"start":{"line":6,"column":0},"end":{"line":6,"column":16}},"5":{"start":{"line":8,"column":23},"end":{"line":8,"column":49}},"6":{"start":{"line":9,"column":23},"end":{"line":9,"column":62}},"7":{"start":{"line":21,"column":27},"end":{"line":21,"column":32}},"8":{"start":{"line":22,"column":27},"end":{"line":24,"column":21}},"9":{"start":{"line":27,"column":20},"end":{"line":27,"column":191}},"10":{"start":{"line":30,"column":2},"end":{"line":65,"column":2}},"11":{"start":{"line":72,"column":2},"end":{"line":81,"column":3}},"12":{"start":{"line":74,"column":6},"end":{"line":74,"column":69}},"13":{"start":{"line":76,"column":6},"end":{"line":76,"column":70}},"14":{"start":{"line":78,"column":6},"end":{"line":78,"column":47}},"15":{"start":{"line":80,"column":6},"end":{"line":80,"column":37}},"16":{"start":{"line":88,"column":2},"end":{"line":97,"column":3}},"17":{"start":{"line":90,"column":6},"end":{"line":90,"column":67}},"18":{"start":{"line":92,"column":6},"end":{"line":92,"column":63}},"19":{"start":{"line":94,"column":6},"end":{"line":94,"column":72}},"20":{"start":{"line":96,"column":6},"end":{"line":96,"column":33}},"21":{"start":{"line":104,"column":2},"end":{"line":113,"column":3}},"22":{"start":{"line":106,"column":6},"end":{"line":106,"column":56}},"23":{"start":{"line":108,"column":6},"end":{"line":108,"column":79}},"24":{"start":{"line":110,"column":6},"end":{"line":110,"column":77}},"25":{"start":{"line":112,"column":6},"end":{"line":112,"column":40}},"26":{"start":{"line":126,"column":2},"end":{"line":219,"column":3}},"27":{"start":{"line":127,"column":4},"end":{"line":129,"column":5}},"28":{"start":{"line":128,"column":6},"end":{"line":128,"column":58}},"29":{"start":{"line":131,"column":19},"end":{"line":131,"column":86}},"30":{"start":{"line":134,"column":18},"end":{"line":134,"column":19}},"31":{"start":{"line":135,"column":23},"end":{"line":135,"column":24}},"32":{"start":{"line":136,"column":34},"end":{"line":136,"column":38}},"33":{"start":{"line":138,"column":4},"end":{"line":212,"column":5}},"34":{"start":{"line":139,"column":6},"end":{"line":211,"column":7}},"35":{"start":{"line":140,"column":8},"end":{"line":140,"column":84}},"36":{"start":{"line":143,"column":25},"end":{"line":162,"column":null}},"37":{"start":{"line":166,"column":33},"end":{"line":166,"column":62}},"38":{"start":{"line":169,"column":26},"end":{"line":169,"column":63}},"39":{"start":{"line":170,"column":8},"end":{"line":172,"column":9}},"40":{"start":{"line":171,"column":10},"end":{"line":171,"column":79}},"41":{"start":{"line":174,"column":29},"end":{"line":174,"column":53}},"42":{"start":{"line":177,"column":38},"end":{"line":191,"column":11}},"43":{"start":{"line":177,"column":68},"end":{"line":191,"column":10}},"44":{"start":{"line":184,"column":46},"end":{"line":188,"column":12}},"45":{"start":{"line":193,"column":8},"end":{"line":193,"column":25}},"46":{"start":{"line":195,"column":8},"end":{"line":195,"column":35}},"47":{"start":{"line":196,"column":8},"end":{"line":196,"column":77}},"48":{"start":{"line":199,"column":8},"end":{"line":210,"column":9}},"49":{"start":{"line":200,"column":10},"end":{"line":200,"column":20}},"50":{"start":{"line":201,"column":10},"end":{"line":206,"column":11}},"51":{"start":{"line":203,"column":29},"end":{"line":203,"column":56}},"52":{"start":{"line":204,"column":12},"end":{"line":204,"column":65}},"53":{"start":{"line":205,"column":12},"end":{"line":205,"column":72}},"54":{"start":{"line":205,"column":41},"end":{"line":205,"column":70}},"55":{"start":{"line":209,"column":10},"end":{"line":209,"column":16}},"56":{"start":{"line":215,"column":4},"end":{"line":215,"column":89}},"57":{"start":{"line":217,"column":4},"end":{"line":217,"column":56}},"58":{"start":{"line":218,"column":4},"end":{"line":218,"column":81}}},"fnMap":{"0":{"name":"generatePrompt","decl":{"start":{"line":14,"column":9},"end":{"line":14,"column":23}},"loc":{"start":{"line":18,"column":24},"end":{"line":66,"column":1}}},"1":{"name":"getQuestionTypeDescription","decl":{"start":{"line":71,"column":9},"end":{"line":71,"column":35}},"loc":{"start":{"line":71,"column":62},"end":{"line":82,"column":1}}},"2":{"name":"getTestModeDescription","decl":{"start":{"line":87,"column":9},"end":{"line":87,"column":31}},"loc":{"start":{"line":87,"column":50},"end":{"line":98,"column":1}}},"3":{"name":"getDifficultyDescription","decl":{"start":{"line":103,"column":9},"end":{"line":103,"column":33}},"loc":{"start":{"line":103,"column":56},"end":{"line":114,"column":1}}},"4":{"name":"generateQuestions","decl":{"start":{"line":119,"column":22},"end":{"line":119,"column":39}},"loc":{"start":{"line":124,"column":24},"end":{"line":220,"column":1}}},"5":{"name":"(anonymous_6)","decl":{"start":{"line":177,"column":55},"end":{"line":177,"column":56}},"loc":{"start":{"line":177,"column":68},"end":{"line":191,"column":10}}},"6":{"name":"(anonymous_7)","decl":{"start":{"line":184,"column":33},"end":{"line":184,"column":34}},"loc":{"start":{"line":184,"column":46},"end":{"line":188,"column":12}}},"7":{"name":"(anonymous_8)","decl":{"start":{"line":205,"column":30},"end":{"line":205,"column":37}},"loc":{"start":{"line":205,"column":41},"end":{"line":205,"column":70}}}},"branchMap":{"0":{"loc":{"start":{"line":22,"column":27},"end":{"line":24,"column":21}},"type":"cond-expr","locations":[{"start":{"line":23,"column":6},"end":{"line":23,"column":60}},{"start":{"line":24,"column":6},"end":{"line":24,"column":21}}]},"1":{"loc":{"start":{"line":72,"column":2},"end":{"line":81,"column":3}},"type":"switch","locations":[{"start":{"line":73,"column":4},"end":{"line":74,"column":69}},{"start":{"line":75,"column":4},"end":{"line":76,"column":70}},{"start":{"line":77,"column":4},"end":{"line":78,"column":47}},{"start":{"line":79,"column":4},"end":{"line":80,"column":37}}]},"2":{"loc":{"start":{"line":88,"column":2},"end":{"line":97,"column":3}},"type":"switch","locations":[{"start":{"line":89,"column":4},"end":{"line":90,"column":67}},{"start":{"line":91,"column":4},"end":{"line":92,"column":63}},{"start":{"line":93,"column":4},"end":{"line":94,"column":72}},{"start":{"line":95,"column":4},"end":{"line":96,"column":33}}]},"3":{"loc":{"start":{"line":104,"column":2},"end":{"line":113,"column":3}},"type":"switch","locations":[{"start":{"line":105,"column":4},"end":{"line":106,"column":56}},{"start":{"line":107,"column":4},"end":{"line":108,"column":79}},{"start":{"line":109,"column":4},"end":{"line":110,"column":77}},{"start":{"line":111,"column":4},"end":{"line":112,"column":40}}]},"4":{"loc":{"start":{"line":127,"column":4},"end":{"line":129,"column":5}},"type":"if","locations":[{"start":{"line":127,"column":4},"end":{"line":129,"column":5}}]},"5":{"loc":{"start":{"line":170,"column":8},"end":{"line":172,"column":9}},"type":"if","locations":[{"start":{"line":170,"column":8},"end":{"line":172,"column":9}}]},"6":{"loc":{"start":{"line":199,"column":8},"end":{"line":210,"column":9}},"type":"if","locations":[{"start":{"line":199,"column":8},"end":{"line":210,"column":9}},{"start":{"line":207,"column":15},"end":{"line":210,"column":9}}]},"7":{"loc":{"start":{"line":199,"column":12},"end":{"line":199,"column":122}},"type":"binary-expr","locations":[{"start":{"line":199,"column":12},"end":{"line":199,"column":37}},{"start":{"line":199,"column":41},"end":{"line":199,"column":55}},{"start":{"line":199,"column":60},"end":{"line":199,"column":89}},{"start":{"line":199,"column":93},"end":{"line":199,"column":121}}]},"8":{"loc":{"start":{"line":201,"column":10},"end":{"line":206,"column":11}},"type":"if","locations":[{"start":{"line":201,"column":10},"end":{"line":206,"column":11}}]},"9":{"loc":{"start":{"line":215,"column":10},"end":{"line":215,"column":88}},"type":"binary-expr","locations":[{"start":{"line":215,"column":10},"end":{"line":215,"column":19}},{"start":{"line":215,"column":23},"end":{"line":215,"column":88}}]}},"s":{"0":1,"1":1,"2":1,"3":1,"4":1,"5":1,"6":1,"7":4,"8":4,"9":4,"10":4,"11":4,"12":4,"13":0,"14":0,"15":0,"16":4,"17":4,"18":0,"19":0,"20":0,"21":4,"22":4,"23":0,"24":0,"25":0,"26":4,"27":4,"28":0,"29":4,"30":4,"31":4,"32":4,"33":4,"34":4,"35":4,"36":4,"37":3,"38":3,"39":3,"40":1,"41":2,"42":2,"43":4,"44":16,"45":2,"46":2,"47":2,"48":2,"49":0,"50":0,"51":0,"52":0,"53":0,"54":0,"55":2,"56":2,"57":2,"58":2},"f":{"0":4,"1":4,"2":4,"3":4,"4":4,"5":4,"6":16,"7":0},"b":{"0":[0,4],"1":[4,0,0,0],"2":[4,0,0,0],"3":[4,0,0,0],"4":[0],"5":[1],"6":[0,2],"7":[2,0,0,0],"8":[0],"9":[2,0]}}
,"/Users/admin/Documents/Bahut/Projet final/Codes/QuizForge/backend/src/services/exportService.ts": {"path":"/Users/admin/Documents/Bahut/Projet final/Codes/QuizForge/backend/src/services/exportService.ts","statementMap":{"0":{"start":{"line":8,"column":0},"end":{"line":8,"column":16}},"1":{"start":{"line":96,"column":0},"end":{"line":96,"column":16}},"2":{"start":{"line":9,"column":20},"end":{"line":9,"column":22}},"3":{"start":{"line":11,"column":2},"end":{"line":86,"column":3}},"4":{"start":{"line":13,"column":4},"end":{"line":13,"column":49}},"5":{"start":{"line":16,"column":4},"end":{"line":16,"column":39}},"6":{"start":{"line":19,"column":4},"end":{"line":85,"column":5}},"7":{"start":{"line":21,"column":8},"end":{"line":21,"column":29}},"8":{"start":{"line":24,"column":8},"end":{"line":27,"column":9}},"9":{"start":{"line":25,"column":25},"end":{"line":25,"column":53}},"10":{"start":{"line":26,"column":10},"end":{"line":26,"column":56}},"11":{"start":{"line":29,"column":8},"end":{"line":29,"column":31}},"12":{"start":{"line":30,"column":8},"end":{"line":30,"column":14}},"13":{"start":{"line":33,"column":8},"end":{"line":33,"column":29}},"14":{"start":{"line":36,"column":8},"end":{"line":53,"column":9}},"15":{"start":{"line":40,"column":33},"end":{"line":40,"column":74}},"16":{"start":{"line":40,"column":62},"end":{"line":40,"column":73}},"17":{"start":{"line":41,"column":35},"end":{"line":41,"column":77}},"18":{"start":{"line":41,"column":64},"end":{"line":41,"column":76}},"19":{"start":{"line":44,"column":10},"end":{"line":50,"column":11}},"20":{"start":{"line":45,"column":27},"end":{"line":45,"column":66}},"21":{"start":{"line":46,"column":12},"end":{"line":46,"column":36}},"22":{"start":{"line":48,"column":27},"end":{"line":48,"column":68}},"23":{"start":{"line":49,"column":12},"end":{"line":49,"column":37}},"24":{"start":{"line":52,"column":10},"end":{"line":52,"column":56}},"25":{"start":{"line":55,"column":8},"end":{"line":55,"column":31}},"26":{"start":{"line":56,"column":8},"end":{"line":56,"column":14}},"27":{"start":{"line":59,"column":8},"end":{"line":59,"column":32}},"28":{"start":{"line":62,"column":32},"end":{"line":62,"column":34}},"29":{"start":{"line":67,"column":8},"end":{"line":71,"column":9}},"30":{"start":{"line":67,"column":21},"end":{"line":67,"column":22}},"31":{"start":{"line":68,"column":10},"end":{"line":70,"column":11}},"32":{"start":{"line":69,"column":12},"end":{"line":69,"column":89}},"33":{"start":{"line":73,"column":8},"end":{"line":73,"column":43}},"34":{"start":{"line":74,"column":8},"end":{"line":74,"column":33}},"35":{"start":{"line":75,"column":8},"end":{"line":75,"column":14}},"36":{"start":{"line":79,"column":8},"end":{"line":79,"column":29}},"37":{"start":{"line":80,"column":8},"end":{"line":83,"column":9}},"38":{"start":{"line":81,"column":25},"end":{"line":81,"column":53}},"39":{"start":{"line":82,"column":10},"end":{"line":82,"column":56}},"40":{"start":{"line":84,"column":8},"end":{"line":84,"column":31}},"41":{"start":{"line":88,"column":2},"end":{"line":88,"column":21}},"42":{"start":{"line":97,"column":19},"end":{"line":97,"column":61}},"43":{"start":{"line":98,"column":2},"end":{"line":98,"column":27}},"44":{"start":{"line":100,"column":2},"end":{"line":184,"column":3}},"45":{"start":{"line":101,"column":4},"end":{"line":101,"column":39}},"46":{"start":{"line":104,"column":4},"end":{"line":116,"column":5}},"47":{"start":{"line":106,"column":8},"end":{"line":106,"column":36}},"48":{"start":{"line":107,"column":8},"end":{"line":107,"column":14}},"49":{"start":{"line":109,"column":8},"end":{"line":109,"column":36}},"50":{"start":{"line":110,"column":8},"end":{"line":110,"column":14}},"51":{"start":{"line":112,"column":8},"end":{"line":112,"column":33}},"52":{"start":{"line":113,"column":8},"end":{"line":113,"column":14}},"53":{"start":{"line":115,"column":8},"end":{"line":115,"column":36}},"54":{"start":{"line":118,"column":4},"end":{"line":118,"column":25}},"55":{"start":{"line":121,"column":4},"end":{"line":121,"column":76}},"56":{"start":{"line":122,"column":4},"end":{"line":122,"column":111}},"57":{"start":{"line":123,"column":4},"end":{"line":123,"column":89}},"58":{"start":{"line":124,"column":4},"end":{"line":124,"column":59}},"59":{"start":{"line":125,"column":4},"end":{"line":125,"column":55}},"60":{"start":{"line":126,"column":4},"end":{"line":126,"column":45}},"61":{"start":{"line":129,"column":4},"end":{"line":181,"column":5}},"62":{"start":{"line":130,"column":6},"end":{"line":130,"column":50}},"63":{"start":{"line":131,"column":6},"end":{"line":131,"column":66}},"64":{"start":{"line":132,"column":6},"end":{"line":132,"column":67}},"65":{"start":{"line":135,"column":6},"end":{"line":142,"column":7}},"66":{"start":{"line":136,"column":8},"end":{"line":136,"column":47}},"67":{"start":{"line":137,"column":8},"end":{"line":137,"column":53}},"68":{"start":{"line":138,"column":8},"end":{"line":138,"column":43}},"69":{"start":{"line":139,"column":8},"end":{"line":139,"column":72}},"70":{"start":{"line":140,"column":8},"end":{"line":140,"column":81}},"71":{"start":{"line":141,"column":8},"end":{"line":141,"column":40}},"72":{"start":{"line":143,"column":11},"end":{"line":181,"column":5}},"73":{"start":{"line":144,"column":6},"end":{"line":144,"column":51}},"74":{"start":{"line":145,"column":6},"end":{"line":145,"column":66}},"75":{"start":{"line":146,"column":6},"end":{"line":146,"column":67}},"76":{"start":{"line":149,"column":29},"end":{"line":149,"column":70}},"77":{"start":{"line":149,"column":58},"end":{"line":149,"column":69}},"78":{"start":{"line":150,"column":31},"end":{"line":150,"column":73}},"79":{"start":{"line":150,"column":60},"end":{"line":150,"column":72}},"80":{"start":{"line":153,"column":6},"end":{"line":168,"column":7}},"81":{"start":{"line":154,"column":8},"end":{"line":154,"column":47}},"82":{"start":{"line":156,"column":8},"end":{"line":162,"column":9}},"83":{"start":{"line":158,"column":10},"end":{"line":158,"column":64}},"84":{"start":{"line":161,"column":10},"end":{"line":161,"column":67}},"85":{"start":{"line":164,"column":8},"end":{"line":164,"column":43}},"86":{"start":{"line":165,"column":8},"end":{"line":165,"column":72}},"87":{"start":{"line":166,"column":8},"end":{"line":166,"column":81}},"88":{"start":{"line":167,"column":8},"end":{"line":167,"column":40}},"89":{"start":{"line":169,"column":11},"end":{"line":181,"column":5}},"90":{"start":{"line":170,"column":6},"end":{"line":170,"column":66}},"91":{"start":{"line":173,"column":6},"end":{"line":180,"column":7}},"92":{"start":{"line":173,"column":19},"end":{"line":173,"column":20}},"93":{"start":{"line":174,"column":8},"end":{"line":179,"column":9}},"94":{"start":{"line":175,"column":10},"end":{"line":175,"column":60}},"95":{"start":{"line":176,"column":10},"end":{"line":176,"column":87}},"96":{"start":{"line":177,"column":10},"end":{"line":177,"column":108}},"97":{"start":{"line":178,"column":10},"end":{"line":178,"column":47}},"98":{"start":{"line":183,"column":4},"end":{"line":183,"column":36}},"99":{"start":{"line":186,"column":2},"end":{"line":186,"column":26}},"100":{"start":{"line":187,"column":2},"end":{"line":187,"column":20}}},"fnMap":{"0":{"name":"exportGift","decl":{"start":{"line":8,"column":16},"end":{"line":8,"column":26}},"loc":{"start":{"line":8,"column":48},"end":{"line":89,"column":1}}},"1":{"name":"(anonymous_1)","decl":{"start":{"line":40,"column":57},"end":{"line":40,"column":58}},"loc":{"start":{"line":40,"column":62},"end":{"line":40,"column":73}}},"2":{"name":"(anonymous_2)","decl":{"start":{"line":41,"column":59},"end":{"line":41,"column":60}},"loc":{"start":{"line":41,"column":64},"end":{"line":41,"column":76}}},"3":{"name":"exportMoodleXml","decl":{"start":{"line":96,"column":16},"end":{"line":96,"column":31}},"loc":{"start":{"line":96,"column":53},"end":{"line":188,"column":1}}},"4":{"name":"(anonymous_4)","decl":{"start":{"line":149,"column":53},"end":{"line":149,"column":54}},"loc":{"start":{"line":149,"column":58},"end":{"line":149,"column":69}}},"5":{"name":"(anonymous_5)","decl":{"start":{"line":150,"column":55},"end":{"line":150,"column":56}},"loc":{"start":{"line":150,"column":60},"end":{"line":150,"column":72}}}},"branchMap":{"0":{"loc":{"start":{"line":19,"column":4},"end":{"line":85,"column":5}},"type":"switch","locations":[{"start":{"line":20,"column":6},"end":{"line":30,"column":14}},{"start":{"line":32,"column":6},"end":{"line":56,"column":14}},{"start":{"line":58,"column":6},"end":{"line":75,"column":14}},{"start":{"line":77,"column":6},"end":{"line":84,"column":31}}]},"1":{"loc":{"start":{"line":25,"column":25},"end":{"line":25,"column":53}},"type":"cond-expr","locations":[{"start":{"line":25,"column":44},"end":{"line":25,"column":47}},{"start":{"line":25,"column":50},"end":{"line":25,"column":53}}]},"2":{"loc":{"start":{"line":44,"column":10},"end":{"line":50,"column":11}},"type":"if","locations":[{"start":{"line":44,"column":10},"end":{"line":50,"column":11}},{"start":{"line":47,"column":17},"end":{"line":50,"column":11}}]},"3":{"loc":{"start":{"line":68,"column":10},"end":{"line":70,"column":11}},"type":"if","locations":[{"start":{"line":68,"column":10},"end":{"line":70,"column":11}}]},"4":{"loc":{"start":{"line":81,"column":25},"end":{"line":81,"column":53}},"type":"cond-expr","locations":[{"start":{"line":81,"column":44},"end":{"line":81,"column":47}},{"start":{"line":81,"column":50},"end":{"line":81,"column":53}}]},"5":{"loc":{"start":{"line":104,"column":4},"end":{"line":116,"column":5}},"type":"switch","locations":[{"start":{"line":105,"column":6},"end":{"line":107,"column":14}},{"start":{"line":108,"column":6},"end":{"line":110,"column":14}},{"start":{"line":111,"column":6},"end":{"line":113,"column":14}},{"start":{"line":114,"column":6},"end":{"line":115,"column":36}}]},"6":{"loc":{"start":{"line":129,"column":4},"end":{"line":181,"column":5}},"type":"if","locations":[{"start":{"line":129,"column":4},"end":{"line":181,"column":5}},{"start":{"line":143,"column":11},"end":{"line":181,"column":5}}]},"7":{"loc":{"start":{"line":137,"column":22},"end":{"line":137,"column":52}},"type":"cond-expr","locations":[{"start":{"line":137,"column":41},"end":{"line":137,"column":46}},{"start":{"line":137,"column":49},"end":{"line":137,"column":52}}]},"8":{"loc":{"start":{"line":143,"column":11},"end":{"line":181,"column":5}},"type":"if","locations":[{"start":{"line":143,"column":11},"end":{"line":181,"column":5}},{"start":{"line":169,"column":11},"end":{"line":181,"column":5}}]},"9":{"loc":{"start":{"line":156,"column":8},"end":{"line":162,"column":9}},"type":"if","locations":[{"start":{"line":156,"column":8},"end":{"line":162,"column":9}},{"start":{"line":159,"column":15},"end":{"line":162,"column":9}}]},"10":{"loc":{"start":{"line":169,"column":11},"end":{"line":181,"column":5}},"type":"if","locations":[{"start":{"line":169,"column":11},"end":{"line":181,"column":5}}]},"11":{"loc":{"start":{"line":174,"column":8},"end":{"line":179,"column":9}},"type":"if","locations":[{"start":{"line":174,"column":8},"end":{"line":179,"column":9}}]}},"s":{"0":1,"1":1,"2":2,"3":2,"4":3,"5":3,"6":3,"7":1,"8":1,"9":4,"10":4,"11":1,"12":1,"13":1,"14":1,"15":4,"16":16,"17":4,"18":16,"19":4,"20":2,"21":2,"22":2,"23":2,"24":4,"25":1,"26":1,"27":1,"28":1,"29":1,"30":1,"31":2,"32":2,"33":1,"34":1,"35":1,"36":0,"37":0,"38":0,"39":0,"40":0,"41":2,"42":2,"43":2,"44":2,"45":3,"46":3,"47":1,"48":1,"49":1,"50":1,"51":1,"52":1,"53":0,"54":3,"55":3,"56":3,"57":3,"58":3,"59":3,"60":3,"61":3,"62":1,"63":1,"64":1,"65":1,"66":4,"67":4,"68":4,"69":4,"70":4,"71":4,"72":2,"73":1,"74":1,"75":1,"76":1,"77":4,"78":1,"79":4,"80":1,"81":4,"82":4,"83":2,"84":2,"85":4,"86":4,"87":4,"88":4,"89":1,"90":1,"91":1,"92":1,"93":2,"94":2,"95":2,"96":2,"97":2,"98":3,"99":2,"100":2},"f":{"0":2,"1":16,"2":16,"3":2,"4":4,"5":4},"b":{"0":[1,1,1,0],"1":[1,3],"2":[2,2],"3":[2],"4":[0,0],"5":[1,1,1,0],"6":[1,2],"7":[1,3],"8":[1,1],"9":[2,2],"10":[1],"11":[2]}}
,"/Users/admin/Documents/Bahut/Projet final/Codes/QuizForge/backend/src/services/parseService.ts": {"path":"/Users/admin/Documents/Bahut/Projet final/Codes/QuizForge/backend/src/services/parseService.ts","statementMap":{"0":{"start":{"line":13,"column":0},"end":{"line":13,"column":7}},"1":{"start":{"line":29,"column":0},"end":{"line":29,"column":7}},"2":{"start":{"line":44,"column":0},"end":{"line":44,"column":7}},"3":{"start":{"line":83,"column":0},"end":{"line":83,"column":7}},"4":{"start":{"line":1,"column":0},"end":{"line":1,"column":20}},"5":{"start":{"line":2,"column":0},"end":{"line":2,"column":24}},"6":{"start":{"line":3,"column":0},"end":{"line":3,"column":33}},"7":{"start":{"line":4,"column":0},"end":{"line":4,"column":30}},"8":{"start":{"line":5,"column":0},"end":{"line":5,"column":32}},"9":{"start":{"line":14,"column":2},"end":{"line":21,"column":3}},"10":{"start":{"line":15,"column":23},"end":{"line":15,"column":48}},"11":{"start":{"line":16,"column":17},"end":{"line":16,"column":43}},"12":{"start":{"line":17,"column":4},"end":{"line":17,"column":21}},"13":{"start":{"line":19,"column":4},"end":{"line":19,"column":47}},"14":{"start":{"line":20,"column":4},"end":{"line":20,"column":72}},"15":{"start":{"line":30,"column":2},"end":{"line":36,"column":3}},"16":{"start":{"line":31,"column":19},"end":{"line":31,"column":67}},"17":{"start":{"line":32,"column":4},"end":{"line":32,"column":24}},"18":{"start":{"line":34,"column":4},"end":{"line":34,"column":48}},"19":{"start":{"line":35,"column":4},"end":{"line":35,"column":73}},"20":{"start":{"line":45,"column":2},"end":{"line":75,"column":3}},"21":{"start":{"line":49,"column":37},"end":{"line":49,"column":39}},"22":{"start":{"line":52,"column":22},"end":{"line":53,"column":29}},"23":{"start":{"line":56,"column":4},"end":{"line":69,"column":5}},"24":{"start":{"line":57,"column":23},"end":{"line":57,"column":33}},"25":{"start":{"line":58,"column":19},"end":{"line":58,"column":29}},"26":{"start":{"line":61,"column":6},"end":{"line":68,"column":7}},"27":{"start":{"line":62,"column":24},"end":{"line":62,"column":44}},"28":{"start":{"line":63,"column":28},"end":{"line":63,"column":52}},"29":{"start":{"line":64,"column":8},"end":{"line":64,"column":41}},"30":{"start":{"line":67,"column":8},"end":{"line":67,"column":26}},"31":{"start":{"line":71,"column":4},"end":{"line":71,"column":39}},"32":{"start":{"line":73,"column":4},"end":{"line":73,"column":49}},"33":{"start":{"line":74,"column":4},"end":{"line":74,"column":74}},"34":{"start":{"line":84,"column":20},"end":{"line":84,"column":56}},"35":{"start":{"line":86,"column":2},"end":{"line":95,"column":3}},"36":{"start":{"line":88,"column":6},"end":{"line":88,"column":32}},"37":{"start":{"line":90,"column":6},"end":{"line":90,"column":33}},"38":{"start":{"line":92,"column":6},"end":{"line":92,"column":34}},"39":{"start":{"line":94,"column":6},"end":{"line":94,"column":63}}},"fnMap":{"0":{"name":"parsePDF","decl":{"start":{"line":13,"column":22},"end":{"line":13,"column":30}},"loc":{"start":{"line":13,"column":47},"end":{"line":22,"column":1}}},"1":{"name":"parseDocx","decl":{"start":{"line":29,"column":22},"end":{"line":29,"column":31}},"loc":{"start":{"line":29,"column":48},"end":{"line":37,"column":1}}},"2":{"name":"parseScorm","decl":{"start":{"line":44,"column":22},"end":{"line":44,"column":32}},"loc":{"start":{"line":44,"column":49},"end":{"line":76,"column":1}}},"3":{"name":"parseFile","decl":{"start":{"line":83,"column":22},"end":{"line":83,"column":31}},"loc":{"start":{"line":83,"column":48},"end":{"line":96,"column":1}}}},"branchMap":{"0":{"loc":{"start":{"line":61,"column":6},"end":{"line":68,"column":7}},"type":"if","locations":[{"start":{"line":61,"column":6},"end":{"line":68,"column":7}},{"start":{"line":65,"column":13},"end":{"line":68,"column":7}}]},"1":{"loc":{"start":{"line":61,"column":10},"end":{"line":61,"column":86}},"type":"binary-expr","locations":[{"start":{"line":61,"column":10},"end":{"line":61,"column":25}},{"start":{"line":61,"column":30},"end":{"line":61,"column":56}},{"start":{"line":61,"column":60},"end":{"line":61,"column":85}}]},"2":{"loc":{"start":{"line":86,"column":2},"end":{"line":95,"column":3}},"type":"switch","locations":[{"start":{"line":87,"column":4},"end":{"line":88,"column":32}},{"start":{"line":89,"column":4},"end":{"line":90,"column":33}},{"start":{"line":91,"column":4},"end":{"line":92,"column":34}},{"start":{"line":93,"column":4},"end":{"line":94,"column":63}}]}},"s":{"0":1,"1":1,"2":1,"3":1,"4":1,"5":1,"6":1,"7":1,"8":1,"9":1,"10":1,"11":1,"12":1,"13":1,"14":1,"15":1,"16":1,"17":1,"18":1,"19":1,"20":1,"21":1,"22":1,"23":0,"24":0,"25":0,"26":0,"27":0,"28":0,"29":0,"30":0,"31":0,"32":1,"33":1,"34":4,"35":4,"36":1,"37":1,"38":1,"39":1},"f":{"0":1,"1":1,"2":1,"3":4},"b":{"0":[0,0],"1":[0,0,0],"2":[1,1,1,1]}}
,"/Users/admin/Documents/Bahut/Projet final/Codes/QuizForge/backend/src/utils/db.ts": {"path":"/Users/admin/Documents/Bahut/Projet final/Codes/QuizForge/backend/src/utils/db.ts","statementMap":{"0":{"start":{"line":29,"column":0},"end":{"line":29,"column":16}},"1":{"start":{"line":58,"column":0},"end":{"line":58,"column":16}},"2":{"start":{"line":64,"column":0},"end":{"line":64,"column":16}},"3":{"start":{"line":70,"column":0},"end":{"line":70,"column":16}},"4":{"start":{"line":76,"column":0},"end":{"line":76,"column":16}},"5":{"start":{"line":84,"column":0},"end":{"line":84,"column":16}},"6":{"start":{"line":91,"column":0},"end":{"line":91,"column":16}},"7":{"start":{"line":97,"column":0},"end":{"line":97,"column":16}},"8":{"start":{"line":1,"column":0},"end":{"line":1,"column":38}},"9":{"start":{"line":2,"column":0},"end":{"line":2,"column":24}},"10":{"start":{"line":3,"column":0},"end":{"line":3,"column":28}},"11":{"start":{"line":5,"column":0},"end":{"line":5,"column":16}},"12":{"start":{"line":23,"column":15},"end":{"line":23,"column":83}},"13":{"start":{"line":26,"column":13},"end":{"line":26,"column":39}},"14":{"start":{"line":30,"column":2},"end":{"line":30,"column":52}},"15":{"start":{"line":33,"column":2},"end":{"line":40,"column":5}},"16":{"start":{"line":43,"column":2},"end":{"line":52,"column":5}},"17":{"start":{"line":54,"column":2},"end":{"line":54,"column":51}},"18":{"start":{"line":59,"column":17},"end":{"line":59,"column":75}},"19":{"start":{"line":60,"column":2},"end":{"line":60,"column":42}},"20":{"start":{"line":65,"column":17},"end":{"line":65,"column":81}},"21":{"start":{"line":66,"column":2},"end":{"line":66,"column":32}},"22":{"start":{"line":71,"column":20},"end":{"line":71,"column":44}},"23":{"start":{"line":72,"column":2},"end":{"line":72,"column":131}},"24":{"start":{"line":77,"column":20},"end":{"line":77,"column":44}},"25":{"start":{"line":79,"column":24},"end":{"line":79,"column":87}},"26":{"start":{"line":80,"column":2},"end":{"line":80,"column":152}},"27":{"start":{"line":86,"column":24},"end":{"line":86,"column":87}},"28":{"start":{"line":87,"column":2},"end":{"line":87,"column":111}},"29":{"start":{"line":92,"column":17},"end":{"line":92,"column":83}},"30":{"start":{"line":93,"column":2},"end":{"line":93,"column":32}},"31":{"start":{"line":98,"column":17},"end":{"line":98,"column":60}},"32":{"start":{"line":99,"column":2},"end":{"line":99,"column":32}}},"fnMap":{"0":{"name":"initializeDatabase","decl":{"start":{"line":29,"column":16},"end":{"line":29,"column":34}},"loc":{"start":{"line":29,"column":34},"end":{"line":55,"column":1}}},"1":{"name":"getDocumentById","decl":{"start":{"line":58,"column":16},"end":{"line":58,"column":31}},"loc":{"start":{"line":58,"column":42},"end":{"line":61,"column":1}}},"2":{"name":"getQuestionsByDocId","decl":{"start":{"line":64,"column":16},"end":{"line":64,"column":35}},"loc":{"start":{"line":64,"column":49},"end":{"line":67,"column":1}}},"3":{"name":"insertDocument","decl":{"start":{"line":70,"column":16},"end":{"line":70,"column":30}},"loc":{"start":{"line":70,"column":76},"end":{"line":73,"column":1}}},"4":{"name":"insertQuestion","decl":{"start":{"line":76,"column":16},"end":{"line":76,"column":30}},"loc":{"start":{"line":76,"column":82},"end":{"line":81,"column":1}}},"5":{"name":"updateQuestion","decl":{"start":{"line":84,"column":16},"end":{"line":84,"column":30}},"loc":{"start":{"line":84,"column":87},"end":{"line":88,"column":1}}},"6":{"name":"getValidatedQuestions","decl":{"start":{"line":91,"column":16},"end":{"line":91,"column":37}},"loc":{"start":{"line":91,"column":37},"end":{"line":94,"column":1}}},"7":{"name":"getAllQuestions","decl":{"start":{"line":97,"column":16},"end":{"line":97,"column":31}},"loc":{"start":{"line":97,"column":31},"end":{"line":100,"column":1}}}},"branchMap":{"0":{"loc":{"start":{"line":23,"column":15},"end":{"line":23,"column":83}},"type":"binary-expr","locations":[{"start":{"line":23,"column":15},"end":{"line":23,"column":34}},{"start":{"line":23,"column":38},"end":{"line":23,"column":83}}]},"1":{"loc":{"start":{"line":79,"column":24},"end":{"line":79,"column":87}},"type":"cond-expr","locations":[{"start":{"line":79,"column":54},"end":{"line":79,"column":61}},{"start":{"line":79,"column":64},"end":{"line":79,"column":87}}]},"2":{"loc":{"start":{"line":86,"column":24},"end":{"line":86,"column":87}},"type":"cond-expr","locations":[{"start":{"line":86,"column":54},"end":{"line":86,"column":61}},{"start":{"line":86,"column":64},"end":{"line":86,"column":87}}]}},"s":{"0":0,"1":0,"2":0,"3":0,"4":0,"5":0,"6":0,"7":0,"8":0,"9":0,"10":0,"11":0,"12":0,"13":0,"14":0,"15":0,"16":0,"17":0,"18":0,"19":0,"20":0,"21":0,"22":0,"23":0,"24":0,"25":0,"26":0,"27":0,"28":0,"29":0,"30":0,"31":0,"32":0},"f":{"0":0,"1":0,"2":0,"3":0,"4":0,"5":0,"6":0,"7":0},"b":{"0":[0,0],"1":[0,0],"2":[0,0]}}
}
