TN:
SF:src/routes/quizRoutes.ts
FN:23,(anonymous_1)
FN:31,(anonymous_2)
FN:39,(anonymous_3)
FN:56,(anonymous_4)
FN:94,(anonymous_5)
FN:149,(anonymous_6)
FN:156,(anonymous_7)
FN:206,(anonymous_8)
FN:220,(anonymous_9)
FN:221,(anonymous_10)
FN:237,(anonymous_11)
FN:241,(anonymous_12)
FN:261,(anonymous_13)
FN:265,(anonymous_14)
FNF:14
FNH:0
FNDA:0,(anonymous_1)
FNDA:0,(anonymous_2)
FNDA:0,(anonymous_3)
FNDA:0,(anonymous_4)
FNDA:0,(anonymous_5)
FNDA:0,(anonymous_6)
FNDA:0,(anonymous_7)
FNDA:0,(anonymous_8)
FNDA:0,(anonymous_9)
FNDA:0,(anonymous_10)
FNDA:0,(anonymous_11)
FNDA:0,(anonymous_12)
FNDA:0,(anonymous_13)
FNDA:0,(anonymous_14)
DA:1,0
DA:2,0
DA:3,0
DA:4,0
DA:5,0
DA:6,0
DA:7,0
DA:8,0
DA:9,0
DA:19,0
DA:22,0
DA:24,0
DA:26,0
DA:27,0
DA:29,0
DA:32,0
DA:33,0
DA:37,0
DA:41,0
DA:42,0
DA:44,0
DA:45,0
DA:47,0
DA:56,0
DA:57,0
DA:58,0
DA:59,0
DA:65,0
DA:66,0
DA:69,0
DA:72,0
DA:75,0
DA:77,0
DA:85,0
DA:86,0
DA:94,0
DA:95,0
DA:96,0
DA:99,0
DA:100,0
DA:107,0
DA:108,0
DA:109,0
DA:116,0
DA:125,0
DA:126,0
DA:127,0
DA:128,0
DA:130,0
DA:131,0
DA:135,0
DA:140,0
DA:141,0
DA:149,0
DA:150,0
DA:151,0
DA:152,0
DA:155,0
DA:156,0
DA:157,0
DA:158,0
DA:159,0
DA:161,0
DA:162,0
DA:166,0
DA:167,0
DA:174,0
DA:177,0
DA:178,0
DA:181,0
DA:182,0
DA:185,0
DA:186,0
DA:190,0
DA:192,0
DA:197,0
DA:198,0
DA:206,0
DA:207,0
DA:208,0
DA:211,0
DA:212,0
DA:213,0
DA:220,0
DA:221,0
DA:223,0
DA:228,0
DA:229,0
DA:237,0
DA:238,0
DA:240,0
DA:241,0
DA:244,0
DA:247,0
DA:248,0
DA:250,0
DA:252,0
DA:253,0
DA:261,0
DA:262,0
DA:264,0
DA:265,0
DA:268,0
DA:271,0
DA:272,0
DA:274,0
DA:276,0
DA:277,0
DA:284,0
LF:109
LH:0
BRDA:26,0,0,0
BRDA:44,1,0,0
BRDA:44,1,1,0
BRDA:58,2,0,0
BRDA:99,3,0,0
BRDA:99,4,0,0
BRDA:99,4,1,0
BRDA:99,4,2,0
BRDA:99,4,3,0
BRDA:108,5,0,0
BRDA:166,6,0,0
BRDA:177,7,0,0
BRDA:181,8,0,0
BRDA:185,9,0,0
BRDA:212,10,0,0
BRF:15
BRH:0
end_of_record
TN:
SF:src/services/aiService.ts
FN:14,generatePrompt
FN:71,getQuestionTypeDescription
FN:87,getTestModeDescription
FN:103,getDifficultyDescription
FN:119,generateQuestions
FN:177,(anonymous_6)
FN:184,(anonymous_7)
FN:205,(anonymous_8)
FNF:8
FNH:7
FNDA:4,generatePrompt
FNDA:4,getQuestionTypeDescription
FNDA:4,getTestModeDescription
FNDA:4,getDifficultyDescription
FNDA:4,generateQuestions
FNDA:4,(anonymous_6)
FNDA:16,(anonymous_7)
FNDA:0,(anonymous_8)
DA:1,1
DA:2,1
DA:4,1
DA:6,1
DA:8,1
DA:9,1
DA:21,4
DA:22,4
DA:27,4
DA:30,4
DA:72,4
DA:74,4
DA:76,0
DA:78,0
DA:80,0
DA:88,4
DA:90,4
DA:92,0
DA:94,0
DA:96,0
DA:104,4
DA:106,4
DA:108,0
DA:110,0
DA:112,0
DA:119,1
DA:126,4
DA:127,4
DA:128,0
DA:131,4
DA:134,4
DA:135,4
DA:136,4
DA:138,4
DA:139,4
DA:140,4
DA:143,4
DA:166,3
DA:169,3
DA:170,3
DA:171,1
DA:174,2
DA:177,4
DA:184,16
DA:193,2
DA:195,2
DA:196,2
DA:199,2
DA:200,0
DA:201,0
DA:203,0
DA:204,0
DA:205,0
DA:209,2
DA:215,2
DA:217,2
DA:218,2
LF:57
LH:42
BRDA:22,0,0,0
BRDA:22,0,1,4
BRDA:72,1,0,4
BRDA:72,1,1,0
BRDA:72,1,2,0
BRDA:72,1,3,0
BRDA:88,2,0,4
BRDA:88,2,1,0
BRDA:88,2,2,0
BRDA:88,2,3,0
BRDA:104,3,0,4
BRDA:104,3,1,0
BRDA:104,3,2,0
BRDA:104,3,3,0
BRDA:127,4,0,0
BRDA:170,5,0,1
BRDA:199,6,0,0
BRDA:199,6,1,2
BRDA:199,7,0,2
BRDA:199,7,1,0
BRDA:199,7,2,0
BRDA:199,7,3,0
BRDA:201,8,0,0
BRDA:215,9,0,2
BRDA:215,9,1,0
BRF:25
BRH:8
end_of_record
TN:
SF:src/services/exportService.ts
FN:8,exportGift
FN:40,(anonymous_1)
FN:41,(anonymous_2)
FN:96,exportMoodleXml
FN:149,(anonymous_4)
FN:150,(anonymous_5)
FNF:6
FNH:6
FNDA:2,exportGift
FNDA:16,(anonymous_1)
FNDA:16,(anonymous_2)
FNDA:2,exportMoodleXml
FNDA:4,(anonymous_4)
FNDA:4,(anonymous_5)
DA:8,1
DA:9,2
DA:11,2
DA:13,3
DA:16,3
DA:19,3
DA:21,1
DA:24,1
DA:25,4
DA:26,4
DA:29,1
DA:30,1
DA:33,1
DA:36,1
DA:40,16
DA:41,16
DA:44,4
DA:45,2
DA:46,2
DA:48,2
DA:49,2
DA:52,4
DA:55,1
DA:56,1
DA:59,1
DA:62,1
DA:67,1
DA:68,2
DA:69,2
DA:73,1
DA:74,1
DA:75,1
DA:79,0
DA:80,0
DA:81,0
DA:82,0
DA:84,0
DA:88,2
DA:96,1
DA:97,2
DA:98,2
DA:100,2
DA:101,3
DA:104,3
DA:106,1
DA:107,1
DA:109,1
DA:110,1
DA:112,1
DA:113,1
DA:115,0
DA:118,3
DA:121,3
DA:122,3
DA:123,3
DA:124,3
DA:125,3
DA:126,3
DA:129,3
DA:130,1
DA:131,1
DA:132,1
DA:135,1
DA:136,4
DA:137,4
DA:138,4
DA:139,4
DA:140,4
DA:141,4
DA:143,2
DA:144,1
DA:145,1
DA:146,1
DA:149,4
DA:150,4
DA:153,1
DA:154,4
DA:156,4
DA:158,2
DA:161,2
DA:164,4
DA:165,4
DA:166,4
DA:167,4
DA:169,1
DA:170,1
DA:173,1
DA:174,2
DA:175,2
DA:176,2
DA:177,2
DA:178,2
DA:183,3
DA:186,2
DA:187,2
LF:95
LH:89
BRDA:19,0,0,1
BRDA:19,0,1,1
BRDA:19,0,2,1
BRDA:19,0,3,0
BRDA:25,1,0,1
BRDA:25,1,1,3
BRDA:44,2,0,2
BRDA:44,2,1,2
BRDA:68,3,0,2
BRDA:81,4,0,0
BRDA:81,4,1,0
BRDA:104,5,0,1
BRDA:104,5,1,1
BRDA:104,5,2,1
BRDA:104,5,3,0
BRDA:129,6,0,1
BRDA:129,6,1,2
BRDA:137,7,0,1
BRDA:137,7,1,3
BRDA:143,8,0,1
BRDA:143,8,1,1
BRDA:156,9,0,2
BRDA:156,9,1,2
BRDA:169,10,0,1
BRDA:174,11,0,2
BRF:25
BRH:21
end_of_record
TN:
SF:src/services/parseService.ts
FN:13,parsePDF
FN:29,parseDocx
FN:44,parseScorm
FN:83,parseFile
FNF:4
FNH:4
FNDA:1,parsePDF
FNDA:1,parseDocx
FNDA:1,parseScorm
FNDA:4,parseFile
DA:1,1
DA:2,1
DA:3,1
DA:4,1
DA:5,1
DA:13,1
DA:14,1
DA:15,1
DA:16,1
DA:17,1
DA:19,1
DA:20,1
DA:29,1
DA:30,1
DA:31,1
DA:32,1
DA:34,1
DA:35,1
DA:44,1
DA:45,1
DA:49,1
DA:52,1
DA:56,0
DA:57,0
DA:58,0
DA:61,0
DA:62,0
DA:63,0
DA:64,0
DA:67,0
DA:71,0
DA:73,1
DA:74,1
DA:83,1
DA:84,4
DA:86,4
DA:88,1
DA:90,1
DA:92,1
DA:94,1
LF:40
LH:31
BRDA:61,0,0,0
BRDA:61,0,1,0
BRDA:61,1,0,0
BRDA:61,1,1,0
BRDA:61,1,2,0
BRDA:86,2,0,1
BRDA:86,2,1,1
BRDA:86,2,2,1
BRDA:86,2,3,1
BRF:9
BRH:4
end_of_record
TN:
SF:src/utils/db.ts
FN:29,initializeDatabase
FN:58,getDocumentById
FN:64,getQuestionsByDocId
FN:70,insertDocument
FN:76,insertQuestion
FN:84,updateQuestion
FN:91,getValidatedQuestions
FN:97,getAllQuestions
FNF:8
FNH:0
FNDA:0,initializeDatabase
FNDA:0,getDocumentById
FNDA:0,getQuestionsByDocId
FNDA:0,insertDocument
FNDA:0,insertQuestion
FNDA:0,updateQuestion
FNDA:0,getValidatedQuestions
FNDA:0,getAllQuestions
DA:1,0
DA:2,0
DA:3,0
DA:5,0
DA:23,0
DA:26,0
DA:29,0
DA:30,0
DA:33,0
DA:43,0
DA:54,0
DA:58,0
DA:59,0
DA:60,0
DA:64,0
DA:65,0
DA:66,0
DA:70,0
DA:71,0
DA:72,0
DA:76,0
DA:77,0
DA:79,0
DA:80,0
DA:84,0
DA:86,0
DA:87,0
DA:91,0
DA:92,0
DA:93,0
DA:97,0
DA:98,0
DA:99,0
LF:33
LH:0
BRDA:23,0,0,0
BRDA:23,0,1,0
BRDA:79,1,0,0
BRDA:79,1,1,0
BRDA:86,2,0,0
BRDA:86,2,1,0
BRF:6
BRH:0
end_of_record
